Build started 2016-04-07 15:21:50.
     1>Project "C:\Users\Spellabbet\Documents\GitHub\rendewreing\eduRend_handout\eduRend_handout\source\Template.vcxproj" on node 2 (Build target(s)).
     1>InitializeBuildStatus:
         Creating "C:\Users\Spellabbet\Documents\GitHub\rendewreing\eduRend_handout\eduRend_handout\source\../Obj/x86/Debug/eduRend.tlog\unsuccessfulbuild" because "AlwaysCreate" was specified.
       ClCompile:
         C:\Program Files (x86)\Microsoft Visual Studio 12.0\VC\bin\CL.exe /c /I..\DirectXTK\include /ZI /nologo /W3 /WX- /Od /Oy- /D WIN32 /D _DEBUG /D _WINDOWS /D _MBCS /Gm /EHsc /RTC1 /MDd /GS /fp:precise /Zc:wchar_t /Zc:forScope /Fo"C:\Users\Spellabbet\Documents\GitHub\rendewreing\eduRend_handout\eduRend_handout\source\../Obj/x86/Debug/" /Fd"C:\Users\Spellabbet\Documents\GitHub\rendewreing\eduRend_handout\eduRend_handout\source\../Obj/x86/Debug/vc120.pdb" /Gd /TP /analyze- /errorReport:prompt Geometry.cpp InputHandler.cpp mesh.cpp Main.cpp vec\mat.cpp vec\vec.cpp
         vec.cpp
     1>c:\users\spellabbet\documents\github\rendewreing\edurend_handout\edurend_handout\source\vec\math.h(48): warning C4244: 'return' : conversion from 'int' to 'float', possible loss of data
         mat.cpp
     1>c:\users\spellabbet\documents\github\rendewreing\edurend_handout\edurend_handout\source\vec\math.h(48): warning C4244: 'return' : conversion from 'int' to 'float', possible loss of data
     1>c:\users\spellabbet\documents\github\rendewreing\edurend_handout\edurend_handout\source\vec\vec.h(253): warning C4244: 'initializing' : conversion from 'double' to 'float', possible loss of data
                 c:\users\spellabbet\documents\github\rendewreing\edurend_handout\edurend_handout\source\vec\vec.h(246) : while compiling class template member function 'linalg::vec3<float> &linalg::vec3<float>::normalize(void)'
                 c:\users\spellabbet\documents\github\rendewreing\edurend_handout\edurend_handout\source\vec\mat.cpp(24) : see reference to function template instantiation 'linalg::vec3<float> &linalg::vec3<float>::normalize(void)' being compiled
                 c:\users\spellabbet\documents\github\rendewreing\edurend_handout\edurend_handout\source\vec\vec.h(531) : see reference to class template instantiation 'linalg::vec3<float>' being compiled
         Main.cpp
         c:\program files (x86)\windows kits\8.1\include\um\dinput.h: DIRECTINPUT_VERSION undefined. Defaulting to version 0x0800
     1>c:\users\spellabbet\documents\github\rendewreing\edurend_handout\edurend_handout\source\vec\math.h(48): warning C4244: 'return' : conversion from 'int' to 'float', possible loss of data
     1>c:\users\spellabbet\documents\github\rendewreing\edurend_handout\edurend_handout\source\file_rw.h(23): warning C4996: 'fopen': This function or variable may be unsafe. Consider using fopen_s instead. To disable deprecation, use _CRT_SECURE_NO_WARNINGS. See online help for details.
                 c:\program files (x86)\microsoft visual studio 12.0\vc\include\stdio.h(211) : see declaration of 'fopen'
     1>c:\users\spellabbet\documents\github\rendewreing\edurend_handout\edurend_handout\source\file_rw.h(58): warning C4996: 'fopen': This function or variable may be unsafe. Consider using fopen_s instead. To disable deprecation, use _CRT_SECURE_NO_WARNINGS. See online help for details.
                 c:\program files (x86)\microsoft visual studio 12.0\vc\include\stdio.h(211) : see declaration of 'fopen'
     1>c:\users\spellabbet\documents\github\rendewreing\edurend_handout\edurend_handout\source\mesh.h(68): warning C4018: '<' : signed/unsigned mismatch
     1>c:\users\spellabbet\documents\github\rendewreing\edurend_handout\edurend_handout\source\mesh.h(71): warning C4018: '<' : signed/unsigned mismatch
     1>c:\users\spellabbet\documents\github\rendewreing\edurend_handout\edurend_handout\source\main.cpp(142): warning C4996: 'freopen': This function or variable may be unsafe. Consider using freopen_s instead. To disable deprecation, use _CRT_SECURE_NO_WARNINGS. See online help for details.
                 c:\program files (x86)\microsoft visual studio 12.0\vc\include\stdio.h(226) : see declaration of 'freopen'
     1>c:\users\spellabbet\documents\github\rendewreing\edurend_handout\edurend_handout\source\main.cpp(143): warning C4996: 'freopen': This function or variable may be unsafe. Consider using freopen_s instead. To disable deprecation, use _CRT_SECURE_NO_WARNINGS. See online help for details.
                 c:\program files (x86)\microsoft visual studio 12.0\vc\include\stdio.h(226) : see declaration of 'freopen'
     1>c:\users\spellabbet\documents\github\rendewreing\edurend_handout\edurend_handout\source\main.cpp(144): warning C4996: 'freopen': This function or variable may be unsafe. Consider using freopen_s instead. To disable deprecation, use _CRT_SECURE_NO_WARNINGS. See online help for details.
                 c:\program files (x86)\microsoft visual studio 12.0\vc\include\stdio.h(226) : see declaration of 'freopen'
     1>c:\users\spellabbet\documents\github\rendewreing\edurend_handout\edurend_handout\source\vec\mat.h(526): warning C4244: 'initializing' : conversion from 'double' to 'float', possible loss of data
                 c:\users\spellabbet\documents\github\rendewreing\edurend_handout\edurend_handout\source\vec\mat.h(523) : while compiling class template member function 'linalg::mat4<float> linalg::mat4<float>::rotation(const T &,const T &,const T &,const T &)'
                 with
                 [
                     T=float
                 ]
                 c:\users\spellabbet\documents\github\rendewreing\edurend_handout\edurend_handout\source\main.cpp(104) : see reference to function template instantiation 'linalg::mat4<float> linalg::mat4<float>::rotation(const T &,const T &,const T &,const T &)' being compiled
                 with
                 [
                     T=float
                 ]
                 c:\users\spellabbet\documents\github\rendewreing\edurend_handout\edurend_handout\source\vec\mat.h(660) : see reference to class template instantiation 'linalg::mat4<float>' being compiled
     1>c:\users\spellabbet\documents\github\rendewreing\edurend_handout\edurend_handout\source\vec\vec.h(479): warning C4244: 'argument' : conversion from 'double' to 'const float', possible loss of data
                 c:\users\spellabbet\documents\github\rendewreing\edurend_handout\edurend_handout\source\mesh.h(58) : see reference to function template instantiation 'linalg::vec3<float> linalg::normalize<float>(const linalg::vec3<float> &)' being compiled
         mesh.cpp
         c:\program files (x86)\windows kits\8.1\include\um\dinput.h: DIRECTINPUT_VERSION undefined. Defaulting to version 0x0800
     1>c:\users\spellabbet\documents\github\rendewreing\edurend_handout\edurend_handout\source\file_rw.h(23): warning C4996: 'fopen': This function or variable may be unsafe. Consider using fopen_s instead. To disable deprecation, use _CRT_SECURE_NO_WARNINGS. See online help for details.
                 c:\program files (x86)\microsoft visual studio 12.0\vc\include\stdio.h(211) : see declaration of 'fopen'
     1>c:\users\spellabbet\documents\github\rendewreing\edurend_handout\edurend_handout\source\file_rw.h(58): warning C4996: 'fopen': This function or variable may be unsafe. Consider using fopen_s instead. To disable deprecation, use _CRT_SECURE_NO_WARNINGS. See online help for details.
                 c:\program files (x86)\microsoft visual studio 12.0\vc\include\stdio.h(211) : see declaration of 'fopen'
     1>c:\users\spellabbet\documents\github\rendewreing\edurend_handout\edurend_handout\source\mesh.h(68): warning C4018: '<' : signed/unsigned mismatch
     1>c:\users\spellabbet\documents\github\rendewreing\edurend_handout\edurend_handout\source\mesh.h(71): warning C4018: '<' : signed/unsigned mismatch
     1>c:\users\spellabbet\documents\github\rendewreing\edurend_handout\edurend_handout\source\mesh.cpp(32): warning C4996: 'sscanf': This function or variable may be unsafe. Consider using sscanf_s instead. To disable deprecation, use _CRT_SECURE_NO_WARNINGS. See online help for details.
                 c:\program files (x86)\microsoft visual studio 12.0\vc\include\stdio.h(304) : see declaration of 'sscanf'
     1>c:\users\spellabbet\documents\github\rendewreing\edurend_handout\edurend_handout\source\mesh.cpp(46): warning C4996: 'sscanf': This function or variable may be unsafe. Consider using sscanf_s instead. To disable deprecation, use _CRT_SECURE_NO_WARNINGS. See online help for details.
                 c:\program files (x86)\microsoft visual studio 12.0\vc\include\stdio.h(304) : see declaration of 'sscanf'
     1>c:\users\spellabbet\documents\github\rendewreing\edurend_handout\edurend_handout\source\mesh.cpp(55): warning C4996: 'sscanf': This function or variable may be unsafe. Consider using sscanf_s instead. To disable deprecation, use _CRT_SECURE_NO_WARNINGS. See online help for details.
                 c:\program files (x86)\microsoft visual studio 12.0\vc\include\stdio.h(304) : see declaration of 'sscanf'
     1>c:\users\spellabbet\documents\github\rendewreing\edurend_handout\edurend_handout\source\mesh.cpp(64): warning C4996: 'sscanf': This function or variable may be unsafe. Consider using sscanf_s instead. To disable deprecation, use _CRT_SECURE_NO_WARNINGS. See online help for details.
                 c:\program files (x86)\microsoft visual studio 12.0\vc\include\stdio.h(304) : see declaration of 'sscanf'
     1>c:\users\spellabbet\documents\github\rendewreing\edurend_handout\edurend_handout\source\mesh.cpp(73): warning C4996: 'sscanf': This function or variable may be unsafe. Consider using sscanf_s instead. To disable deprecation, use _CRT_SECURE_NO_WARNINGS. See online help for details.
                 c:\program files (x86)\microsoft visual studio 12.0\vc\include\stdio.h(304) : see declaration of 'sscanf'
     1>c:\users\spellabbet\documents\github\rendewreing\edurend_handout\edurend_handout\source\mesh.cpp(77): warning C4996: 'sscanf': This function or variable may be unsafe. Consider using sscanf_s instead. To disable deprecation, use _CRT_SECURE_NO_WARNINGS. See online help for details.
                 c:\program files (x86)\microsoft visual studio 12.0\vc\include\stdio.h(304) : see declaration of 'sscanf'
     1>c:\users\spellabbet\documents\github\rendewreing\edurend_handout\edurend_handout\source\mesh.cpp(81): warning C4996: 'sscanf': This function or variable may be unsafe. Consider using sscanf_s instead. To disable deprecation, use _CRT_SECURE_NO_WARNINGS. See online help for details.
                 c:\program files (x86)\microsoft visual studio 12.0\vc\include\stdio.h(304) : see declaration of 'sscanf'
     1>c:\users\spellabbet\documents\github\rendewreing\edurend_handout\edurend_handout\source\mesh.cpp(29): warning C4101: 'str1' : unreferenced local variable
     1>c:\users\spellabbet\documents\github\rendewreing\edurend_handout\edurend_handout\source\mesh.cpp(119): warning C4996: 'sscanf': This function or variable may be unsafe. Consider using sscanf_s instead. To disable deprecation, use _CRT_SECURE_NO_WARNINGS. See online help for details.
                 c:\program files (x86)\microsoft visual studio 12.0\vc\include\stdio.h(304) : see declaration of 'sscanf'
     1>c:\users\spellabbet\documents\github\rendewreing\edurend_handout\edurend_handout\source\mesh.cpp(125): warning C4996: 'sscanf': This function or variable may be unsafe. Consider using sscanf_s instead. To disable deprecation, use _CRT_SECURE_NO_WARNINGS. See online help for details.
                 c:\program files (x86)\microsoft visual studio 12.0\vc\include\stdio.h(304) : see declaration of 'sscanf'
     1>c:\users\spellabbet\documents\github\rendewreing\edurend_handout\edurend_handout\source\mesh.cpp(134): warning C4996: 'sscanf': This function or variable may be unsafe. Consider using sscanf_s instead. To disable deprecation, use _CRT_SECURE_NO_WARNINGS. See online help for details.
                 c:\program files (x86)\microsoft visual studio 12.0\vc\include\stdio.h(304) : see declaration of 'sscanf'
     1>c:\users\spellabbet\documents\github\rendewreing\edurend_handout\edurend_handout\source\mesh.cpp(140): warning C4996: 'sscanf': This function or variable may be unsafe. Consider using sscanf_s instead. To disable deprecation, use _CRT_SECURE_NO_WARNINGS. See online help for details.
                 c:\program files (x86)\microsoft visual studio 12.0\vc\include\stdio.h(304) : see declaration of 'sscanf'
     1>c:\users\spellabbet\documents\github\rendewreing\edurend_handout\edurend_handout\source\mesh.cpp(152): warning C4996: 'sscanf': This function or variable may be unsafe. Consider using sscanf_s instead. To disable deprecation, use _CRT_SECURE_NO_WARNINGS. See online help for details.
                 c:\program files (x86)\microsoft visual studio 12.0\vc\include\stdio.h(304) : see declaration of 'sscanf'
     1>c:\users\spellabbet\documents\github\rendewreing\edurend_handout\edurend_handout\source\mesh.cpp(158): warning C4996: 'sscanf': This function or variable may be unsafe. Consider using sscanf_s instead. To disable deprecation, use _CRT_SECURE_NO_WARNINGS. See online help for details.
                 c:\program files (x86)\microsoft visual studio 12.0\vc\include\stdio.h(304) : see declaration of 'sscanf'
     1>c:\users\spellabbet\documents\github\rendewreing\edurend_handout\edurend_handout\source\mesh.cpp(164): warning C4996: 'sscanf': This function or variable may be unsafe. Consider using sscanf_s instead. To disable deprecation, use _CRT_SECURE_NO_WARNINGS. See online help for details.
                 c:\program files (x86)\microsoft visual studio 12.0\vc\include\stdio.h(304) : see declaration of 'sscanf'
     1>c:\users\spellabbet\documents\github\rendewreing\edurend_handout\edurend_handout\source\mesh.cpp(170): warning C4996: 'sscanf': This function or variable may be unsafe. Consider using sscanf_s instead. To disable deprecation, use _CRT_SECURE_NO_WARNINGS. See online help for details.
                 c:\program files (x86)\microsoft visual studio 12.0\vc\include\stdio.h(304) : see declaration of 'sscanf'
     1>c:\users\spellabbet\documents\github\rendewreing\edurend_handout\edurend_handout\source\mesh.cpp(176): warning C4996: 'sscanf': This function or variable may be unsafe. Consider using sscanf_s instead. To disable deprecation, use _CRT_SECURE_NO_WARNINGS. See online help for details.
                 c:\program files (x86)\microsoft visual studio 12.0\vc\include\stdio.h(304) : see declaration of 'sscanf'
     1>c:\users\spellabbet\documents\github\rendewreing\edurend_handout\edurend_handout\source\mesh.cpp(186): warning C4996: 'sscanf': This function or variable may be unsafe. Consider using sscanf_s instead. To disable deprecation, use _CRT_SECURE_NO_WARNINGS. See online help for details.
                 c:\program files (x86)\microsoft visual studio 12.0\vc\include\stdio.h(304) : see declaration of 'sscanf'
     1>c:\users\spellabbet\documents\github\rendewreing\edurend_handout\edurend_handout\source\mesh.cpp(192): warning C4996: 'sscanf': This function or variable may be unsafe. Consider using sscanf_s instead. To disable deprecation, use _CRT_SECURE_NO_WARNINGS. See online help for details.
                 c:\program files (x86)\microsoft visual studio 12.0\vc\include\stdio.h(304) : see declaration of 'sscanf'
     1>c:\users\spellabbet\documents\github\rendewreing\edurend_handout\edurend_handout\source\mesh.cpp(202): warning C4996: 'sscanf': This function or variable may be unsafe. Consider using sscanf_s instead. To disable deprecation, use _CRT_SECURE_NO_WARNINGS. See online help for details.
                 c:\program files (x86)\microsoft visual studio 12.0\vc\include\stdio.h(304) : see declaration of 'sscanf'
     1>c:\users\spellabbet\documents\github\rendewreing\edurend_handout\edurend_handout\source\mesh.cpp(208): warning C4996: 'sscanf': This function or variable may be unsafe. Consider using sscanf_s instead. To disable deprecation, use _CRT_SECURE_NO_WARNINGS. See online help for details.
                 c:\program files (x86)\microsoft visual studio 12.0\vc\include\stdio.h(304) : see declaration of 'sscanf'
     1>c:\users\spellabbet\documents\github\rendewreing\edurend_handout\edurend_handout\source\mesh.cpp(218): warning C4996: 'sscanf': This function or variable may be unsafe. Consider using sscanf_s instead. To disable deprecation, use _CRT_SECURE_NO_WARNINGS. See online help for details.
                 c:\program files (x86)\microsoft visual studio 12.0\vc\include\stdio.h(304) : see declaration of 'sscanf'
     1>c:\users\spellabbet\documents\github\rendewreing\edurend_handout\edurend_handout\source\mesh.cpp(224): warning C4996: 'sscanf': This function or variable may be unsafe. Consider using sscanf_s instead. To disable deprecation, use _CRT_SECURE_NO_WARNINGS. See online help for details.
                 c:\program files (x86)\microsoft visual studio 12.0\vc\include\stdio.h(304) : see declaration of 'sscanf'
     1>c:\users\spellabbet\documents\github\rendewreing\edurend_handout\edurend_handout\source\mesh.cpp(234): warning C4996: 'sscanf': This function or variable may be unsafe. Consider using sscanf_s instead. To disable deprecation, use _CRT_SECURE_NO_WARNINGS. See online help for details.
                 c:\program files (x86)\microsoft visual studio 12.0\vc\include\stdio.h(304) : see declaration of 'sscanf'
     1>c:\users\spellabbet\documents\github\rendewreing\edurend_handout\edurend_handout\source\mesh.cpp(251): warning C4800: 'unsigned int' : forcing value to bool 'true' or 'false' (performance warning)
     1>c:\users\spellabbet\documents\github\rendewreing\edurend_handout\edurend_handout\source\mesh.cpp(252): warning C4800: 'unsigned int' : forcing value to bool 'true' or 'false' (performance warning)
     1>c:\users\spellabbet\documents\github\rendewreing\edurend_handout\edurend_handout\source\vec\vec.h(479): warning C4244: 'argument' : conversion from 'double' to 'const float', possible loss of data
                 c:\users\spellabbet\documents\github\rendewreing\edurend_handout\edurend_handout\source\mesh.h(58) : see reference to function template instantiation 'linalg::vec3<float> linalg::normalize<float>(const linalg::vec3<float> &)' being compiled
         InputHandler.cpp
         c:\program files (x86)\windows kits\8.1\include\um\dinput.h: DIRECTINPUT_VERSION undefined. Defaulting to version 0x0800
     1>c:\users\spellabbet\documents\github\rendewreing\edurend_handout\edurend_handout\source\inputhandler.cpp(181): warning C4244: 'return' : conversion from 'LONG' to 'float', possible loss of data
     1>c:\users\spellabbet\documents\github\rendewreing\edurend_handout\edurend_handout\source\inputhandler.cpp(185): warning C4244: 'return' : conversion from 'LONG' to 'float', possible loss of data
         Geometry.cpp
         c:\program files (x86)\windows kits\8.1\include\um\dinput.h: DIRECTINPUT_VERSION undefined. Defaulting to version 0x0800
     1>c:\users\spellabbet\documents\github\rendewreing\edurend_handout\edurend_handout\source\vec\math.h(48): warning C4244: 'return' : conversion from 'int' to 'float', possible loss of data
     1>c:\users\spellabbet\documents\github\rendewreing\edurend_handout\edurend_handout\source\file_rw.h(23): warning C4996: 'fopen': This function or variable may be unsafe. Consider using fopen_s instead. To disable deprecation, use _CRT_SECURE_NO_WARNINGS. See online help for details.
                 c:\program files (x86)\microsoft visual studio 12.0\vc\include\stdio.h(211) : see declaration of 'fopen'
     1>c:\users\spellabbet\documents\github\rendewreing\edurend_handout\edurend_handout\source\file_rw.h(58): warning C4996: 'fopen': This function or variable may be unsafe. Consider using fopen_s instead. To disable deprecation, use _CRT_SECURE_NO_WARNINGS. See online help for details.
                 c:\program files (x86)\microsoft visual studio 12.0\vc\include\stdio.h(211) : see declaration of 'fopen'
     1>c:\users\spellabbet\documents\github\rendewreing\edurend_handout\edurend_handout\source\mesh.h(68): warning C4018: '<' : signed/unsigned mismatch
     1>c:\users\spellabbet\documents\github\rendewreing\edurend_handout\edurend_handout\source\mesh.h(71): warning C4018: '<' : signed/unsigned mismatch
     1>c:\users\spellabbet\documents\github\rendewreing\edurend_handout\edurend_handout\source\geometry.cpp(116): warning C4244: 'initializing' : conversion from 'float' to 'UINT', possible loss of data
     1>c:\users\spellabbet\documents\github\rendewreing\edurend_handout\edurend_handout\source\geometry.cpp(129): warning C4244: 'initializing' : conversion from 'float' to 'UINT', possible loss of data
     1>c:\users\spellabbet\documents\github\rendewreing\edurend_handout\edurend_handout\source\geometry.cpp(196): warning C4244: 'initializing' : conversion from 'float' to 'UINT', possible loss of data
     1>c:\users\spellabbet\documents\github\rendewreing\edurend_handout\edurend_handout\source\geometry.cpp(209): warning C4244: 'initializing' : conversion from 'float' to 'UINT', possible loss of data
     1>c:\users\spellabbet\documents\github\rendewreing\edurend_handout\edurend_handout\source\vec\vec.h(479): warning C4244: 'argument' : conversion from 'double' to 'const float', possible loss of data
                 c:\users\spellabbet\documents\github\rendewreing\edurend_handout\edurend_handout\source\mesh.h(58) : see reference to function template instantiation 'linalg::vec3<float> linalg::normalize<float>(const linalg::vec3<float> &)' being compiled
         Generating Code...
       Link:
         C:\Program Files (x86)\Microsoft Visual Studio 12.0\VC\bin\link.exe /ERRORREPORT:PROMPT /OUT:"C:\Users\Spellabbet\Documents\GitHub\rendewreing\eduRend_handout\eduRend_handout\source\../Bin/x86/eduRendD.exe" /INCREMENTAL /NOLOGO /LIBPATH:..\DirectXTK\lib\debug DirectXTK.lib kernel32.lib user32.lib gdi32.lib winspool.lib comdlg32.lib advapi32.lib shell32.lib ole32.lib oleaut32.lib uuid.lib odbc32.lib odbccp32.lib /MANIFEST /MANIFESTUAC:"level='asInvoker' uiAccess='false'" /manifest:embed /DEBUG /PDB:"C:\Users\Spellabbet\Documents\GitHub\rendewreing\eduRend_handout\eduRend_handout\source\../Bin/x86/eduRendD.pdb" /SUBSYSTEM:WINDOWS /TLBID:1 /DYNAMICBASE:NO /IMPLIB:"C:\Users\Spellabbet\Documents\GitHub\rendewreing\eduRend_handout\eduRend_handout\source\../Bin/x86/eduRendD.lib" /MACHINE:X86 /SAFESEH C:\Users\Spellabbet\Documents\GitHub\rendewreing\eduRend_handout\eduRend_handout\source\../Obj/x86/Debug/Geometry.obj
         C:\Users\Spellabbet\Documents\GitHub\rendewreing\eduRend_handout\eduRend_handout\source\../Obj/x86/Debug/InputHandler.obj
         C:\Users\Spellabbet\Documents\GitHub\rendewreing\eduRend_handout\eduRend_handout\source\../Obj/x86/Debug/mesh.obj
         C:\Users\Spellabbet\Documents\GitHub\rendewreing\eduRend_handout\eduRend_handout\source\../Obj/x86/Debug/Main.obj
         C:\Users\Spellabbet\Documents\GitHub\rendewreing\eduRend_handout\eduRend_handout\source\../Obj/x86/Debug/mat.obj
         C:\Users\Spellabbet\Documents\GitHub\rendewreing\eduRend_handout\eduRend_handout\source\../Obj/x86/Debug/vec.obj
     1>Geometry.obj : warning LNK4075: ignoring '/EDITANDCONTINUE' due to '/SAFESEH' specification
     1>DirectXTK.lib(pch.obj) : warning LNK4099: PDB 'directxtk.pdb' was not found with 'DirectXTK.lib(pch.obj)' or at 'C:\Users\Spellabbet\Documents\GitHub\rendewreing\eduRend_handout\eduRend_handout\Bin\x86\directxtk.pdb'; linking object as if no debug info
     1>DirectXTK.lib(WICTextureLoader.obj) : warning LNK4099: PDB 'directxtk.pdb' was not found with 'DirectXTK.lib(WICTextureLoader.obj)' or at 'C:\Users\Spellabbet\Documents\GitHub\rendewreing\eduRend_handout\eduRend_handout\Bin\x86\directxtk.pdb'; linking object as if no debug info
         Template.vcxproj -> C:\Users\Spellabbet\Documents\GitHub\rendewreing\eduRend_handout\eduRend_handout\source\../Bin/x86/eduRendD.exe
       FinalizeBuildStatus:
         Deleting file "C:\Users\Spellabbet\Documents\GitHub\rendewreing\eduRend_handout\eduRend_handout\source\../Obj/x86/Debug/eduRend.tlog\unsuccessfulbuild".
         Touching "C:\Users\Spellabbet\Documents\GitHub\rendewreing\eduRend_handout\eduRend_handout\source\../Obj/x86/Debug/eduRend.tlog\eduRend.lastbuildstate".
     1>Done Building Project "C:\Users\Spellabbet\Documents\GitHub\rendewreing\eduRend_handout\eduRend_handout\source\Template.vcxproj" (Build target(s)).

Build succeeded.

Time Elapsed 00:00:04.14
